<?xml version="1.0" encoding="UTF-8"?>
<testng-results ignored="0" total="1" passed="1" failed="0" skipped="0">
  <reporter-output>
  </reporter-output>
  <suite started-at="2021-12-29T00:10:11 IST" name="Suite" finished-at="2021-12-29T00:10:55 IST" duration-ms="43966">
    <groups>
      <group name="regressionTest">
        <method signature="CreateOrg.createOrg()[pri:0, instance:organisationModule.CreateOrg@d86a6f]" name="createOrg" class="organisationModule.CreateOrg"/>
      </group> <!-- regressionTest -->
      <group name="smokeTest">
        <method signature="CreateOrg.createOrg()[pri:0, instance:organisationModule.CreateOrg@d86a6f]" name="createOrg" class="organisationModule.CreateOrg"/>
      </group> <!-- smokeTest -->
    </groups>
    <test started-at="2021-12-29T00:10:11 IST" name="Test" finished-at="2021-12-29T00:10:55 IST" duration-ms="43966">
      <class name="organisationModule.CreateOrg">
        <test-method is-config="true" signature="openApp()[pri:0, instance:organisationModule.CreateOrg@d86a6f]" started-at="2021-12-29T00:10:11 IST" name="openApp" finished-at="2021-12-29T00:10:24 IST" duration-ms="12916" status="PASS">
          <reporter-output>
          </reporter-output>
        </test-method> <!-- openApp -->
        <test-method signature="createOrg()[pri:0, instance:organisationModule.CreateOrg@d86a6f]" started-at="2021-12-29T00:10:24 IST" name="createOrg" finished-at="2021-12-29T00:10:44 IST" duration-ms="19390" status="PASS">
          <reporter-output>
          </reporter-output>
        </test-method> <!-- createOrg -->
        <test-method is-config="true" signature="signout()[pri:0, instance:organisationModule.CreateOrg@d86a6f]" started-at="2021-12-29T00:10:44 IST" name="signout" finished-at="2021-12-29T00:10:55 IST" duration-ms="11576" status="PASS">
          <reporter-output>
          </reporter-output>
        </test-method> <!-- signout -->
      </class> <!-- organisationModule.CreateOrg -->
    </test> <!-- Test -->
  </suite> <!-- Suite -->
</testng-results>
