<?xml version="1.0" encoding="UTF-8"?>
<testng-results ignored="0" total="2" passed="2" failed="0" skipped="0">
  <reporter-output>
  </reporter-output>
  <suite started-at="2021-12-18T10:38:27 IST" name="Default suite" finished-at="2021-12-18T10:38:33 IST" duration-ms="5895">
    <groups>
    </groups>
    <test started-at="2021-12-18T10:38:27 IST" name="Default test" finished-at="2021-12-18T10:38:33 IST" duration-ms="5895">
      <class name="organisationModule.ExReportForTestNgDemo">
        <test-method is-config="true" signature="setup()[pri:0, instance:organisationModule.ExReportForTestNgDemo@7bab3f1a]" started-at="2021-12-18T10:38:26 IST" name="setup" finished-at="2021-12-18T10:38:27 IST" duration-ms="275" status="PASS">
          <reporter-output>
          </reporter-output>
        </test-method> <!-- setup -->
        <test-method is-config="true" signature="setuptest()[pri:0, instance:organisationModule.ExReportForTestNgDemo@7bab3f1a]" started-at="2021-12-18T10:38:27 IST" name="setuptest" finished-at="2021-12-18T10:38:30 IST" duration-ms="3388" status="PASS">
          <reporter-output>
          </reporter-output>
        </test-method> <!-- setuptest -->
        <test-method signature="test()[pri:0, instance:organisationModule.ExReportForTestNgDemo@7bab3f1a]" started-at="2021-12-18T10:38:30 IST" name="test" finished-at="2021-12-18T10:38:31 IST" duration-ms="1345" status="PASS">
          <reporter-output>
          </reporter-output>
        </test-method> <!-- test -->
        <test-method signature="test1()[pri:0, instance:organisationModule.ExReportForTestNgDemo@7bab3f1a]" started-at="2021-12-18T10:38:31 IST" name="test1" finished-at="2021-12-18T10:38:32 IST" duration-ms="660" status="PASS">
          <reporter-output>
          </reporter-output>
        </test-method> <!-- test1 -->
        <test-method is-config="true" signature="aftertest()[pri:0, instance:organisationModule.ExReportForTestNgDemo@7bab3f1a]" started-at="2021-12-18T10:38:32 IST" name="aftertest" finished-at="2021-12-18T10:38:33 IST" duration-ms="438" status="PASS">
          <reporter-output>
          </reporter-output>
        </test-method> <!-- aftertest -->
        <test-method is-config="true" signature="teardown()[pri:0, instance:organisationModule.ExReportForTestNgDemo@7bab3f1a]" started-at="2021-12-18T10:38:33 IST" name="teardown" finished-at="2021-12-18T10:38:33 IST" duration-ms="445" status="PASS">
          <reporter-output>
          </reporter-output>
        </test-method> <!-- teardown -->
      </class> <!-- organisationModule.ExReportForTestNgDemo -->
    </test> <!-- Default test -->
  </suite> <!-- Default suite -->
</testng-results>
